<?xml version="1.0" encoding="UTF-8"?>
<!-- Generated by org.testng.reporters.JUnitReportReporter -->
<testsuite hostname="Prince" failures="0" tests="2" name="Basic.CarLoan" time="0.001" errors="0" timestamp="2023-01-03T20:25:46 EST" skipped="0">
  <testcase classname="Basic.CarLoan" name="contact" time="0.001"/>
  <system-out/>
  <testcase classname="Basic.CarLoan" name="carloanlogin" time="0.000"/>
  <system-out/>
</testsuite> <!-- Basic.CarLoan -->
