<?xml version="1.0" encoding="UTF-8"?>
<!-- Generated by org.testng.reporters.JUnitReportReporter -->
<testsuite hostname="Prince" failures="0" tests="1" name="Basic.Homeloan" time="0.001" errors="0" timestamp="2023-01-03T20:25:46 EST" skipped="0">
  <testcase classname="Basic.Homeloan" name="homeloanLogin" time="0.001"/>
  <system-out/>
</testsuite> <!-- Basic.Homeloan -->
