<?xml version="1.0" encoding="UTF-8"?>
<!-- Generated by org.testng.reporters.JUnitReportReporter -->
<testsuite hostname="Prince" failures="0" tests="5" name="Basic.DemoTestng1" time="0.008" errors="0" timestamp="2023-01-03T20:25:46 EST" skipped="0">
  <testcase classname="Basic.DemoTestng1" name="demodata" time="0.001"/>
  <system-out/>
  <testcase classname="Basic.DemoTestng1" name="demo2" time="0.000"/>
  <system-out/>
  <testcase classname="Basic.DemoTestng1" name="demodata" time="0.001"/>
  <system-out/>
  <testcase classname="Basic.DemoTestng1" name="demo" time="0.005"/>
  <system-out/>
  <testcase classname="Basic.DemoTestng1" name="demodata" time="0.001"/>
  <system-out/>
</testsuite> <!-- Basic.DemoTestng1 -->
