<?xml version="1.0" encoding="UTF-8"?>
<!-- Generated by org.testng.reporters.JUnitReportReporter -->
<testsuite hostname="Prince" failures="0" tests="1" name="Basic.Demotestvg2" time="0.000" errors="0" timestamp="2023-01-03T20:25:46 EST" skipped="0">
  <testcase classname="Basic.Demotestvg2" name="personal" time="0.000"/>
  <system-out/>
</testsuite> <!-- Basic.Demotestvg2 -->
